Turbo Assembler	 Version 4.1	    10/29/19 17:20:57	    Page 1
hw3.ASM



      1	    0000			 model tiny
      2					 .386
      3	    0000			 .code
      4					 org 100h
      5	    0100			 start:
      6	    0100  B4 09				 mov ah, 09h
      7	    0102  BA 0124r			 mov dx, offset	msg
      8	    0105  CD 21				 int 21h
      9
     10	    0107  B4 0A				 mov ah, 0Ah
     11	    0109  C6 06	013Dr 64		 mov byte ptr [buf], 100
     12	    010E  BA 013Dr			 mov dx, offset	buf
     13	    0111  CD 21				 int 21h
     14
     15	    0113  B4 09				 mov ah, 09h
     16	    0115  BA 0135r			 mov dx, offset	hello
     17	    0118  CD 21				 int 21h
     18
     19	    011A  B4 09				 mov ah, 09h
     20	    011C  BA 013Dr			 mov dx, offset	buf
     21	    011F  42				 inc dx
     22	    0120  42				 inc dx
     23	    0121  CD 21				 int 21h
     24
     25	    0123  C3				 ret
     26	    0124  45 6E	74 65 72 20 79+	 msg db	"Enter your name", 0ah,	"$"
     27		  6F 75	72 20 6E 61 6D+
     28		  65 0A	24
     29	    0135  0A 48	65 6C 6C 6F 20+	 hello db 0ah, "Hello ", "$"
     30		  24
     31	    013D  0100*(24)		 buf db	256 dup("$")
     32					 end start
Turbo Assembler	 Version 4.1	    10/29/19 17:20:57	    Page 2
Symbol Table




Symbol Name			  Type	 Value

??DATE				  Text	 "10/29/19"
??FILENAME			  Text	 "hw3	  "
??TIME				  Text	 "17:20:57"
??VERSION			  Number 040A
@32BIT				  Text	 0
@CODE				  Text	 DGROUP
@CODESIZE			  Text	 0
@CPU				  Text	 0F0FH
@CURSEG				  Text	 _TEXT
@DATA				  Text	 DGROUP
@DATASIZE			  Text	 0
@FILENAME			  Text	 HW3
@INTERFACE			  Text	 000H
@MODEL				  Text	 1
@STACK				  Text	 DGROUP
@WORDSIZE			  Text	 2
BUF				  Byte	 DGROUP:013D
HELLO				  Byte	 DGROUP:0135
MSG				  Byte	 DGROUP:0124
START				  Near	 DGROUP:0100

Groups & Segments		  Bit Size Align  Combine Class

DGROUP				  Group
  _DATA				  16  0000 Word	  Public  DATA
  _TEXT				  16  023D Word	  Public  CODE
